LessonNum            Shape                Number               GradeLevel             Answers    CB                   CDT                     MB                   MDT
-------------------- -------------------- -------------------- ---------------------- ---------- -------------------- ----------------------- -------------------- -----------------------
6                    C                    1                    2.8                    ADCABCCBDD 1                    2003-05-27 09:53:36.000 1                    2003-05-27 09:53:36.000
7                    D                    1                    2.8                    BDCCABDAAD 1                    2003-05-27 09:53:36.000 1                    2003-05-27 09:53:36.000
8                    S                    1                    2.8                    BBDCBCAAAB 1                    2003-05-27 09:53:36.000 1                    2003-05-27 09:53:36.000
9                    T                    1                    2.8                    CDBCADBDBA 1                    2003-05-27 09:53:36.000 1                    2003-05-27 09:53:36.000
10                   C                    2                    3                      ACABDADCCB 1                    2003-05-27 09:53:36.000 1                    2003-05-27 09:53:36.000
11                   D                    2                    3                      DCAADCDCDB 1                    2003-05-27 09:53:37.000 1                    2003-05-27 09:53:37.000
12                   S                    2                    3                      DBCBACACAD 1                    2003-05-27 09:53:37.000 1                    2003-05-27 09:53:37.000
13                   T                    2                    3                      DDABABBACC 1                    2003-05-27 09:53:37.000 1                    2003-05-27 09:53:37.000
14                   C                    3                    3.1                    ACBACBBDCD 1                    2003-05-27 09:53:37.000 1                    2003-05-27 09:53:37.000
15                   D                    3                    3.1                    CABDCDDABB 1                    2003-05-27 09:53:37.000 1                    2003-05-27 09:53:37.000
16                   S                    3                    3.1                    CABBADDCAD 1                    2003-05-27 09:53:37.000 1                    2003-05-27 09:53:37.000
17                   T                    3                    3.1                    CADDBBCACD 1                    2003-05-27 09:53:37.000 1                    2003-05-27 09:53:37.000
18                   C                    4                    3.4                    CADAACBCBC 1                    2003-05-27 09:53:37.000 1                    2003-05-27 09:53:37.000
19                   D                    4                    3.4                    ADBABABCDC 1                    2003-05-27 09:53:37.000 1                    2003-05-27 09:53:37.000
20                   S                    4                    3.4                    DCBACDBDBA 1                    2003-05-27 09:53:37.000 1                    2003-05-27 09:53:37.000
21                   T                    4                    3.4                    DCCDCDBACB 1                    2003-05-27 09:53:37.000 1                    2003-05-27 09:53:37.000
22                   C                    5                    3.7                    BBDADCBDAA 1                    2003-05-27 09:53:37.000 1                    2003-05-27 09:53:37.000
23                   D                    5                    3.7                    ABBDCBCABD 1                    2003-05-27 09:53:37.000 1                    2003-05-27 09:53:37.000
24                   S                    5                    3.7                    CAABACDBBD 1                    2003-05-27 09:53:37.000 1                    2003-05-27 09:53:37.000
25                   T                    5                    3.7                    BDDDCCABDC 1                    2003-05-27 09:53:37.000 1                    2003-05-27 09:53:37.000
26                   C                    6                    3.8                    BCCDADABAA 1                    2003-05-27 09:53:37.000 1                    2003-05-27 09:53:37.000
27                   D                    6                    3.8                    ACABDBDADA 1                    2003-05-27 09:53:37.000 1                    2003-05-27 09:53:37.000
28                   S                    6                    3.8                    CDBABABBDC 1                    2003-05-27 09:53:37.000 1                    2003-05-27 09:53:37.000
29                   T                    6                    3.8                    DCACCADDBC 1                    2003-05-27 09:53:37.000 1                    2003-05-27 09:53:37.000
30                   C                    7                    4                      BCCDCCDCBA 1                    2003-05-27 09:53:37.000 1                    2003-05-27 09:53:37.000
31                   S                    7                    4                      CACBADBADC 1                    2003-05-27 09:53:37.000 1                    2003-05-27 09:53:37.000
32                   T                    7                    4                      BABDABCACD 1                    2003-05-27 09:53:37.000 1                    2003-05-27 09:53:37.000
33                   C                    8                    4.1                    DBCBCCADCA 1                    2003-05-27 09:53:37.000 1                    2003-05-27 09:53:37.000
34                   D                    8                    4.1                    AADCDBCDCA 1                    2003-05-27 09:53:37.000 1                    2003-05-27 09:53:37.000
35                   S                    8                    4.1                    DAABCDAACB 1                    2003-05-27 09:53:37.000 1                    2003-05-27 09:53:37.000
36                   T                    8                    4.1                    DADBCBABCA 1                    2003-05-27 09:53:37.000 1                    2003-05-27 09:53:37.000
37                   C                    9                    4.2                    BCDCABACDA 1                    2003-05-27 09:53:37.000 1                    2003-05-27 09:53:37.000
38                   D                    9                    4.2                    ACCBDDADCD 1                    2003-05-27 09:53:37.000 1                    2003-05-27 09:53:37.000
39                   S                    9                    4.2                    CBAABCBDBC 1                    2003-05-27 09:53:37.000 1                    2003-05-27 09:53:37.000
40                   T                    9                    4.2                    BCDBCACADC 1                    2003-05-27 09:53:37.000 1                    2003-05-27 09:53:37.000
41                   C                    10                   4.3                    BDCADACABD 1                    2003-05-27 09:53:37.000 1                    2003-05-27 09:53:37.000
42                   D                    10                   4.3                    CADCABBBDA 1                    2003-05-27 09:53:37.000 1                    2003-05-27 09:53:37.000
43                   S                    10                   4.3                    ACBDBCADBB 1                    2003-05-27 09:53:37.000 1                    2003-05-27 09:53:37.000
44                   T                    10                   4.3                    DACABBDACD 1                    2003-05-27 09:53:37.000 1                    2003-05-27 09:53:37.000
45                   C                    11                   4.4                    BCDABACCAA 1                    2003-05-27 09:53:37.000 1                    2003-05-27 09:53:37.000
46                   D                    11                   4.4                    BABCDCDABA 1                    2003-05-27 09:53:37.000 1                    2003-05-27 09:53:37.000
47                   S                    11                   4.4                    CDABADABDC 1                    2003-05-27 09:53:37.000 1                    2003-05-27 09:53:37.000
48                   T                    11                   4.4                    ABCDBDDADC 1                    2003-05-27 09:53:37.000 1                    2003-05-27 09:53:37.000
49                   C                    12                   4.5                    BACACABADD 1                    2003-05-27 09:53:37.000 1                    2003-05-27 09:53:37.000
50                   D                    12                   4.5                    BCBABCACBD 1                    2003-05-27 09:53:38.000 1                    2003-05-27 09:53:38.000
51                   S                    12                   4.5                    BABCADCBDC 1                    2003-05-27 09:53:38.000 1                    2003-05-27 09:53:38.000
52                   T                    12                   4.5                    CDACBBACDA 1                    2003-05-27 09:53:38.000 1                    2003-05-27 09:53:38.000
53                   C                    13                   4.6                    DBCCCBABCD 1                    2003-05-27 09:53:38.000 1                    2003-05-27 09:53:38.000
54                   D                    13                   4.6                    BADDDCBCCD 1                    2003-05-27 09:53:38.000 1                    2003-05-27 09:53:38.000
55                   S                    13                   4.6                    DADABDBCDC 1                    2003-05-27 09:53:38.000 1                    2003-05-27 09:53:38.000
56                   T                    13                   4.6                    DDADABDCBC 1                    2003-05-27 09:53:38.000 1                    2003-05-27 09:53:38.000
57                   C                    14                   4.7                    ADCBCCBCAA 1                    2003-05-27 09:53:38.000 1                    2003-05-27 09:53:38.000
58                   D                    14                   4.7                    DDDABBCDAD 1                    2003-05-27 09:53:38.000 1                    2003-05-27 09:53:38.000
59                   S                    14                   4.7                    ACBDCACDBA 1                    2003-05-27 09:53:38.000 1                    2003-05-27 09:53:38.000
60                   T                    14                   4.7                    CDADABBCBB 1                    2003-05-27 09:53:38.000 1                    2003-05-27 09:53:38.000
61                   C                    15                   4.8                    CBCCBBDADC 1                    2003-05-27 09:53:38.000 1                    2003-05-27 09:53:38.000
62                   D                    15                   4.8                    DCABACDADD 1                    2003-05-27 09:53:38.000 1                    2003-05-27 09:53:38.000
63                   S                    15                   4.8                    CBBBDCBACC 1                    2003-05-27 09:53:38.000 1                    2003-05-27 09:53:38.000
64                   T                    15                   4.8                    CCADCBBDBD 1                    2003-05-27 09:53:38.000 1                    2003-05-27 09:53:38.000
65                   C                    16                   4.9                    BABBADCCBD 1                    2003-05-27 09:53:38.000 1                    2003-05-27 09:53:38.000
66                   D                    16                   4.9                    ACDBABBCAD 1                    2003-05-27 09:53:38.000 1                    2003-05-27 09:53:38.000
67                   S                    16                   4.9                    DACCADAABB 1                    2003-05-27 09:53:38.000 1                    2003-05-27 09:53:38.000
68                   T                    16                   4.9                    CBDCBCBCAB 1                    2003-05-27 09:53:38.000 1                    2003-05-27 09:53:38.000
69                   C                    17                   5                      ADBDBDCADC 1                    2003-05-27 09:53:38.000 1                    2003-05-27 09:53:38.000
70                   D                    17                   5                      BADCBDDBDC 1                    2003-05-27 09:53:38.000 1                    2003-05-27 09:53:38.000
71                   S                    17                   5                      BCBDDBCABC 1                    2003-05-27 09:53:38.000 1                    2003-05-27 09:53:38.000
72                   T                    17                   5                      CBBDADACBA 1                    2003-05-27 09:53:38.000 1                    2003-05-27 09:53:38.000
73                   C                    18                   5.1                    DCCBBACDBD 1                    2003-05-27 09:53:38.000 1                    2003-05-27 09:53:38.000
74                   D                    18                   5.1                    DBABABCABD 1                    2003-05-27 09:53:38.000 1                    2003-05-27 09:53:38.000
75                   S                    18                   5.1                    ACCDACDBAB 1                    2003-05-27 09:53:38.000 1                    2003-05-27 09:53:38.000
76                   T                    18                   5.1                    ABDBBCADBA 1                    2003-05-27 09:53:38.000 1                    2003-05-27 09:53:38.000
77                   C                    19                   5.2                    CBBABBDDAC 1                    2003-05-27 09:53:38.000 1                    2003-05-27 09:53:38.000
78                   D                    19                   5.2                    CBBAACCACD 1                    2003-05-27 09:53:38.000 1                    2003-05-27 09:53:38.000
79                   S                    19                   5.2                    ADBABDACAB 1                    2003-05-27 09:53:38.000 1                    2003-05-27 09:53:38.000
80                   T                    19                   5.2                    BCDCDDCABA 1                    2003-05-27 09:53:38.000 1                    2003-05-27 09:53:38.000
81                   C                    20                   5.3                    AACCCAADDA 1                    2003-05-27 09:53:38.000 1                    2003-05-27 09:53:38.000
82                   D                    20                   5.3                    ACBDDCDABA 1                    2003-05-27 09:53:38.000 1                    2003-05-27 09:53:38.000
83                   S                    20                   5.3                    ABCAACABDA 1                    2003-05-27 09:53:38.000 1                    2003-05-27 09:53:38.000
84                   T                    20                   5.3                    BBABDBCBDD 1                    2003-05-27 09:53:38.000 1                    2003-05-27 09:53:38.000
85                   C                    21                   5.4                    BBDADCACBB 1                    2003-05-27 09:53:38.000 1                    2003-05-27 09:53:38.000
86                   D                    21                   5.4                    DCADBBACAB 1                    2003-05-27 09:53:38.000 1                    2003-05-27 09:53:38.000
87                   S                    21                   5.4                    ACDCAAACBD 1                    2003-05-27 09:53:38.000 1                    2003-05-27 09:53:38.000
88                   T                    21                   5.4                    BBCBCDBAAD 1                    2003-05-27 09:53:38.000 1                    2003-05-27 09:53:38.000
89                   C                    22                   5.5                    BADBDCCDCA 1                    2003-05-27 09:53:39.000 1                    2003-05-27 09:53:39.000
90                   D                    22                   5.5                    DDDCBBCAAB 1                    2003-05-27 09:53:39.000 1                    2003-05-27 09:53:39.000
91                   S                    22                   5.5                    DCADCDBACB 1                    2003-05-27 09:53:39.000 1                    2003-05-27 09:53:39.000
92                   T                    22                   5.5                    ABCCBAACDC 1                    2003-05-27 09:53:39.000 1                    2003-05-27 09:53:39.000
93                   C                    23                   5.5                    AABADADCCC 1                    2003-05-27 09:53:39.000 1                    2003-05-27 09:53:39.000
94                   D                    23                   5.5                    DDDBABBAAC 1                    2003-05-27 09:53:39.000 1                    2003-05-27 09:53:39.000
95                   S                    23                   5.5                    BADCBACCAD 1                    2003-05-27 09:53:39.000 1                    2003-05-27 09:53:39.000
96                   T                    23                   5.5                    BAACDDDDCB 1                    2003-05-27 09:53:39.000 1                    2003-05-27 09:53:39.000
97                   C                    24                   5.6                    BBDDBACBDC 1                    2003-05-27 09:53:39.000 1                    2003-05-27 09:53:39.000
98                   D                    24                   5.6                    ADDACDADDB 1                    2003-05-27 09:53:39.000 1                    2003-05-27 09:53:39.000
99                   S                    24                   5.6                    CDABCDAACA 1                    2003-05-27 09:53:39.000 1                    2003-05-27 09:53:39.000
100                  T                    24                   5.6                    DBBDDAACBC 1                    2003-05-27 09:53:39.000 1                    2003-05-27 09:53:39.000
101                  C                    25                   5.6                    CCDBDBBCAC 1                    2003-05-27 09:53:39.000 1                    2003-05-27 09:53:39.000
102                  D                    25                   5.6                    BCDADBCCDD 1                    2003-05-27 09:53:39.000 1                    2003-05-27 09:53:39.000
103                  S                    25                   5.6                    CACACBBDCB 1                    2003-05-27 09:53:39.000 1                    2003-05-27 09:53:39.000
104                  T                    25                   5.6                    BAADCACDBD 1                    2003-05-27 09:53:39.000 1                    2003-05-27 09:53:39.000
105                  C                    26                   5.7                    ADBCADBDCC 1                    2003-05-27 09:53:39.000 1                    2003-05-27 09:53:39.000
106                  D                    26                   5.7                    DBCBABADCD 1                    2003-05-27 09:53:39.000 1                    2003-05-27 09:53:39.000
107                  S                    26                   5.7                    AACABABCDB 1                    2003-05-27 09:53:39.000 1                    2003-05-27 09:53:39.000
108                  T                    26                   5.7                    ABDCCCBACA 1                    2003-05-27 09:53:39.000 1                    2003-05-27 09:53:39.000
109                  C                    27                   5.7                    ABCDACAABC 1                    2003-05-27 09:53:39.000 1                    2003-05-27 09:53:39.000
110                  D                    27                   5.7                    DADBDDBCBC 1                    2003-05-27 09:53:39.000 1                    2003-05-27 09:53:39.000
111                  S                    27                   5.7                    ACBCCCDDBD 1                    2003-05-27 09:53:39.000 1                    2003-05-27 09:53:39.000
112                  T                    27                   5.7                    ADBADACDCB 1                    2003-05-27 09:53:39.000 1                    2003-05-27 09:53:39.000
113                  C                    28                   5.8                    BCBABACBDC 1                    2003-05-27 09:53:39.000 1                    2003-05-27 09:53:39.000
114                  D                    28                   5.8                    DCADDCBAAD 1                    2003-05-27 09:53:39.000 1                    2003-05-27 09:53:39.000
115                  S                    28                   5.8                    BADADDBDCB 1                    2003-05-27 09:53:39.000 1                    2003-05-27 09:53:39.000
116                  T                    28                   5.8                    CBDCCBBDAD 1                    2003-05-27 09:53:39.000 1                    2003-05-27 09:53:39.000
117                  C                    29                   5.9                    BAACCDACCB 1                    2003-05-27 09:53:39.000 1                    2003-05-27 09:53:39.000
118                  D                    29                   5.9                    DCCADBBACB 1                    2003-05-27 09:53:39.000 1                    2003-05-27 09:53:39.000
119                  T                    29                   5.9                    ACCCBADDAC 1                    2003-05-27 09:53:39.000 1                    2003-05-27 09:53:39.000
120                  C                    30                   6                      ACCBDBADBA 1                    2003-05-27 09:53:39.000 1                    2003-05-27 09:53:39.000
121                  D                    30                   6                      DBCBDBDBAD 1                    2003-05-27 09:53:39.000 1                    2003-05-27 09:53:39.000
122                  S                    30                   6                      DDBACABDCD 1                    2003-05-27 09:53:39.000 1                    2003-05-27 09:53:39.000
123                  T                    30                   6                      CAACACBDDB 1                    2003-05-27 09:53:39.000 1                    2003-05-27 09:53:39.000
124                  C                    31                   6                      CCCBACABAD 1                    2003-05-27 09:53:39.000 1                    2003-05-27 09:53:39.000
125                  D                    31                   6                      CBDCDDACDC 1                    2003-05-27 09:53:39.000 1                    2003-05-27 09:53:39.000
126                  S                    31                   6                      ACBABBADDD 1                    2003-05-27 09:53:39.000 1                    2003-05-27 09:53:39.000
127                  T                    31                   6                      DCDCBBCADD 1                    2003-05-27 09:53:39.000 1                    2003-05-27 09:53:39.000
128                  C                    32                   6.1                    DCDBCDCAAD 1                    2003-05-27 09:53:39.000 1                    2003-05-27 09:53:39.000
129                  D                    32                   6.1                    BCBADCDADD 1                    2003-05-27 09:53:40.000 1                    2003-05-27 09:53:40.000
130                  S                    32                   6.1                    ADCBBDCABA 1                    2003-05-27 09:53:40.000 1                    2003-05-27 09:53:40.000
131                  C                    33                   6.2                    DAACCACBAD 1                    2003-05-27 09:53:40.000 1                    2003-05-27 09:53:40.000
132                  D                    33                   6.2                    DADDCABABB 1                    2003-05-27 09:53:40.000 1                    2003-05-27 09:53:40.000
133                  S                    33                   6.2                    BBACDACACB 1                    2003-05-27 09:53:40.000 1                    2003-05-27 09:53:40.000
134                  T                    33                   6.2                    DBBACADCAD 1                    2003-05-27 09:53:40.000 1                    2003-05-27 09:53:40.000
135                  C                    34                   6.2                    BCDCCBBCAB 1                    2003-05-27 09:53:40.000 1                    2003-05-27 09:53:40.000
136                  D                    34                   6.2                    BBACDDCDDB 1                    2003-05-27 09:53:40.000 1                    2003-05-27 09:53:40.000
137                  S                    34                   6.2                    CBDCBCAABC 1                    2003-05-27 09:53:40.000 1                    2003-05-27 09:53:40.000
138                  T                    34                   6.2                    ADAADABCBC 1                    2003-05-27 09:53:40.000 1                    2003-05-27 09:53:40.000
139                  C                    35                   6.3                    ABACDBCABA 1                    2003-05-27 09:53:40.000 1                    2003-05-27 09:53:40.000
140                  D                    35                   6.3                    CDCABCADCA 1                    2003-05-27 09:53:40.000 1                    2003-05-27 09:53:40.000
141                  S                    35                   6.3                    ACDBCDCADA 1                    2003-05-27 09:53:40.000 1                    2003-05-27 09:53:40.000
142                  T                    35                   6.3                    ADADBDDDCB 1                    2003-05-27 09:53:40.000 1                    2003-05-27 09:53:40.000
143                  C                    36                   6.3                    CCAAACDCBB 1                    2003-05-27 09:53:40.000 1                    2003-05-27 09:53:40.000
144                  D                    36                   6.3                    DBABBCBCDD 1                    2003-05-27 09:53:40.000 1                    2003-05-27 09:53:40.000
145                  S                    36                   6.3                    BDBDCDCBCC 1                    2003-05-27 09:53:40.000 1                    2003-05-27 09:53:40.000
146                  T                    36                   6.3                    DCDDBCCCAB 1                    2003-05-27 09:53:40.000 1                    2003-05-27 09:53:40.000
147                  C                    37                   6.4                    ABCABCADBC 1                    2003-05-27 09:53:40.000 1                    2003-05-27 09:53:40.000
148                  D                    37                   6.4                    BCDDDCAABD 1                    2003-05-27 09:53:40.000 1                    2003-05-27 09:53:40.000
149                  S                    37                   6.4                    CDABDDBABB 1                    2003-05-27 09:53:40.000 1                    2003-05-27 09:53:40.000
150                  T                    37                   6.4                    CADBAACBBC 1                    2003-05-27 09:53:40.000 1                    2003-05-27 09:53:40.000
151                  C                    38                   6.4                    BDCACCDBCC 1                    2003-05-27 09:53:40.000 1                    2003-05-27 09:53:40.000
152                  D                    38                   6.4                    ADCDACABDB 1                    2003-05-27 09:53:40.000 1                    2003-05-27 09:53:40.000
153                  S                    38                   6.4                    CBABDADDDB 1                    2003-05-27 09:53:40.000 1                    2003-05-27 09:53:40.000
154                  T                    38                   6.4                    CCAABACBCD 1                    2003-05-27 09:53:40.000 1                    2003-05-27 09:53:40.000
155                  C                    39                   6.5                    BABCCADBAA 1                    2003-05-27 09:53:40.000 1                    2003-05-27 09:53:40.000
156                  D                    39                   6.5                    DDAADCBCCC 1                    2003-05-27 09:53:40.000 1                    2003-05-27 09:53:40.000
157                  S                    39                   6.5                    DDBABCCAAD 1                    2003-05-27 09:53:40.000 1                    2003-05-27 09:53:40.000
158                  T                    39                   6.5                    ACBAABADCD 1                    2003-05-27 09:53:40.000 1                    2003-05-27 09:53:40.000
159                  C                    40                   6.7                    DBBBACAACC 1                    2003-05-27 09:53:40.000 1                    2003-05-27 09:53:40.000
160                  D                    40                   6.7                    BCADDBDCCA 1                    2003-05-27 09:53:40.000 1                    2003-05-27 09:53:40.000
161                  S                    40                   6.7                    CADDCABDDB 1                    2003-05-27 09:53:40.000 1                    2003-05-27 09:53:40.000
162                  T                    40                   6.7                    CBCBACDDAA 1                    2003-05-27 09:53:40.000 1                    2003-05-27 09:53:40.000
163                  C                    41                   6.8                    BDDCDCADAB 1                    2003-05-27 09:53:40.000 1                    2003-05-27 09:53:40.000
164                  D                    41                   6.8                    ABAACACDBD 1                    2003-05-27 09:53:40.000 1                    2003-05-27 09:53:40.000
165                  S                    41                   6.8                    BACABADCAD 1                    2003-05-27 09:53:40.000 1                    2003-05-27 09:53:40.000
166                  T                    41                   6.8                    CDABDADDBA 1                    2003-05-27 09:53:40.000 1                    2003-05-27 09:53:40.000
167                  C                    42                   7                      BCDAADDBAB 1                    2003-05-27 09:53:40.000 1                    2003-05-27 09:53:40.000
168                  D                    42                   7                      CCDBCAAABA 1                    2003-05-27 09:53:41.000 1                    2003-05-27 09:53:41.000
169                  S                    42                   7                      BCBAADABBD 1                    2003-05-27 09:53:41.000 1                    2003-05-27 09:53:41.000
170                  T                    42                   7                      DDBCCBDAAC 1                    2003-05-27 09:53:41.000 1                    2003-05-27 09:53:41.000
171                  C                    43                   7.1                    BADDCDCCBA 1                    2003-05-27 09:53:41.000 1                    2003-05-27 09:53:41.000
172                  D                    43                   7.1                    CDBACCABDB 1                    2003-05-27 09:53:41.000 1                    2003-05-27 09:53:41.000
173                  S                    43                   7.1                    CBBADBDAAC 1                    2003-05-27 09:53:41.000 1                    2003-05-27 09:53:41.000
174                  T                    43                   7.1                    DACCDBBADA 1                    2003-05-27 09:53:41.000 1                    2003-05-27 09:53:41.000
175                  C                    44                   7.3                    DBCACBCABD 1                    2003-05-27 09:53:41.000 1                    2003-05-27 09:53:41.000
176                  D                    44                   7.3                    CBABADCCDA 1                    2003-05-27 09:53:41.000 1                    2003-05-27 09:53:41.000
177                  S                    44                   7.3                    ACBCDBDCDD 1                    2003-05-27 09:53:41.000 1                    2003-05-27 09:53:41.000
178                  T                    44                   7.3                    CBBDDCDBBA 1                    2003-05-27 09:53:41.000 1                    2003-05-27 09:53:41.000
179                  C                    45                   7.5                    ACCABABDDB 1                    2003-05-27 09:53:41.000 1                    2003-05-27 09:53:41.000
180                  D                    45                   7.5                    DCBCAACBAD 1                    2003-05-27 09:53:41.000 1                    2003-05-27 09:53:41.000
181                  S                    45                   7.5                    CDBAADBCBA 1                    2003-05-27 09:53:41.000 1                    2003-05-27 09:53:41.000
182                  T                    45                   7.5                    ABDACDCBBC 1                    2003-05-27 09:53:41.000 1                    2003-05-27 09:53:41.000
183                  C                    46                   7.6                    AAADDCDCBC 1                    2003-05-27 09:53:41.000 1                    2003-05-27 09:53:41.000
184                  D                    46                   7.6                    CCBBADCBAA 1                    2003-05-27 09:53:41.000 1                    2003-05-27 09:53:41.000
185                  S                    46                   7.6                    CBDABBACBC 1                    2003-05-27 09:53:41.000 1                    2003-05-27 09:53:41.000
186                  T                    46                   7.6                    BABCCDABDC 1                    2003-05-27 09:53:41.000 1                    2003-05-27 09:53:41.000
187                  C                    47                   7.7                    DBDCDDACCA 1                    2003-05-27 09:53:41.000 1                    2003-05-27 09:53:41.000
188                  D                    47                   7.7                    DDADCBBBAA 1                    2003-05-27 09:53:41.000 1                    2003-05-27 09:53:41.000
189                  S                    47                   7.7                    DBBBBACACD 1                    2003-05-27 09:53:41.000 1                    2003-05-27 09:53:41.000
190                  T                    47                   7.7                    DBBADDCACA 1                    2003-05-27 09:53:41.000 1                    2003-05-27 09:53:41.000
191                  C                    48                   7.9                    BCCDCDBABA 1                    2003-05-27 09:53:41.000 1                    2003-05-27 09:53:41.000
192                  D                    48                   7.9                    BCAACDADBA 1                    2003-05-27 09:53:41.000 1                    2003-05-27 09:53:41.000
193                  S                    48                   7.9                    CCBACBBDDB 1                    2003-05-27 09:53:41.000 1                    2003-05-27 09:53:41.000
194                  T                    48                   7.9                    ABCDADBACB 1                    2003-05-27 09:53:41.000 1                    2003-05-27 09:53:41.000
195                  C                    49                   8                      BABDBDCDAA 1                    2003-05-27 09:53:41.000 1                    2003-05-27 09:53:41.000
196                  D                    49                   8                      ACCDDBAADC 1                    2003-05-27 09:53:41.000 1                    2003-05-27 09:53:41.000
197                  S                    49                   8                      AABDCCDADB 1                    2003-05-27 09:53:41.000 1                    2003-05-27 09:53:41.000
198                  T                    49                   8                      ABCDCBBDAA 1                    2003-05-27 09:53:41.000 1                    2003-05-27 09:53:41.000
199                  C                    50                   8                      BCADDABCCC 1                    2003-05-27 09:53:41.000 1                    2003-05-27 09:53:41.000
200                  D                    50                   8                      AABBBCDCCD 1                    2003-05-27 09:53:41.000 1                    2003-05-27 09:53:41.000
201                  S                    50                   8                      DADADAABAB 1                    2003-05-27 09:53:41.000 1                    2003-05-27 09:53:41.000
202                  T                    50                   8                      AADDCCABCB 1                    2003-05-27 09:53:41.000 1                    2003-05-27 09:53:41.000
203                  C                    51                   8.3                    DABDDBCDDC 1                    2003-05-27 09:53:41.000 1                    2003-05-27 09:53:41.000
204                  D                    51                   8.3                    DAABCACBCC 1                    2003-05-27 09:53:41.000 1                    2003-05-27 09:53:41.000
205                  S                    51                   8.3                    DACDCDADAB 1                    2003-05-27 09:53:41.000 1                    2003-05-27 09:53:41.000
206                  T                    51                   8.3                    BACDBADBCA 1                    2003-05-27 09:53:41.000 1                    2003-05-27 09:53:41.000
207                  C                    52                   8.5                    BDCCBCCBAD 1                    2003-05-27 09:53:42.000 1                    2003-05-27 09:53:42.000
208                  D                    52                   8.5                    ABDABDADCC 1                    2003-05-27 09:53:42.000 1                    2003-05-27 09:53:42.000
209                  S                    52                   8.5                    BCADDDDBCB 1                    2003-05-27 09:53:42.000 1                    2003-05-27 09:53:42.000
210                  T                    52                   8.5                    DCDBACBDAD 1                    2003-05-27 09:53:42.000 1                    2003-05-27 09:53:42.000
211                  C                    53                   8.6                    BACACADDCD 1                    2003-05-27 09:53:42.000 1                    2003-05-27 09:53:42.000
212                  D                    53                   8.6                    DACBABCBAC 1                    2003-05-27 09:53:42.000 1                    2003-05-27 09:53:42.000
213                  S                    53                   8.6                    ABCBBDADCA 1                    2003-05-27 09:53:42.000 1                    2003-05-27 09:53:42.000
214                  T                    53                   8.6                    DBACDABCBA 1                    2003-05-27 09:53:42.000 1                    2003-05-27 09:53:42.000
215                  C                    54                   8.8                    CADCCABCCB 1                    2003-05-27 09:53:42.000 1                    2003-05-27 09:53:42.000
216                  D                    54                   8.8                    CABADBACCC 1                    2003-05-27 09:53:42.000 1                    2003-05-27 09:53:42.000
217                  S                    54                   8.8                    CBCDCBBBCB 1                    2003-05-27 09:53:42.000 1                    2003-05-27 09:53:42.000
218                  T                    54                   8.8                    CABBCDBBCD 1                    2003-05-27 09:53:42.000 1                    2003-05-27 09:53:42.000
219                  C                    55                   9                      ADCDCDADBA 1                    2003-05-27 09:53:42.000 1                    2003-05-27 09:53:42.000
220                  D                    55                   9                      BBAABBACDD 1                    2003-05-27 09:53:42.000 1                    2003-05-27 09:53:42.000
221                  S                    55                   9                      CCBCBDADBA 1                    2003-05-27 09:53:42.000 1                    2003-05-27 09:53:42.000
222                  T                    55                   9                      BCACABDBBA 1                    2003-05-27 09:53:42.000 1                    2003-05-27 09:53:42.000
223                  C                    56                   9.1                    DDCCAACBCB 1                    2003-05-27 09:53:42.000 1                    2003-05-27 09:53:42.000
224                  D                    56                   9.1                    BAAACBDBDD 1                    2003-05-27 09:53:42.000 1                    2003-05-27 09:53:42.000
225                  S                    56                   9.1                    BCADBDBCDC 1                    2003-05-27 09:53:42.000 1                    2003-05-27 09:53:42.000
226                  T                    56                   9.1                    BDABCACBCB 1                    2003-05-27 09:53:42.000 1                    2003-05-27 09:53:42.000
227                  C                    57                   9.2                    CCAACDADBB 1                    2003-05-27 09:53:42.000 1                    2003-05-27 09:53:42.000
228                  D                    57                   9.2                    BABBBDCDAC 1                    2003-05-27 09:53:42.000 1                    2003-05-27 09:53:42.000
229                  S                    57                   9.2                    DCDBCDABDA 1                    2003-05-27 09:53:42.000 1                    2003-05-27 09:53:42.000
230                  T                    57                   9.2                    CACCAABCAD 1                    2003-05-27 09:53:42.000 1                    2003-05-27 09:53:42.000
231                  C                    58                   9.5                    ADCADAABBC 1                    2003-05-27 09:53:42.000 1                    2003-05-27 09:53:42.000
232                  D                    58                   9.5                    CADBBBACDA 1                    2003-05-27 09:53:42.000 1                    2003-05-27 09:53:42.000
233                  S                    58                   9.5                    CCABCCDCAD 1                    2003-05-27 09:53:42.000 1                    2003-05-27 09:53:42.000
234                  T                    58                   9.5                    ABDACCBCBB 1                    2003-05-27 09:53:42.000 1                    2003-05-27 09:53:42.000
235                  C                    59                   9.6                    DCABBCACCD 1                    2003-05-27 09:53:42.000 1                    2003-05-27 09:53:42.000
236                  D                    59                   9.6                    ABDCDACBBC 1                    2003-05-27 09:53:42.000 1                    2003-05-27 09:53:42.000
237                  S                    59                   9.6                    ABDCDDCDAC 1                    2003-05-27 09:53:42.000 1                    2003-05-27 09:53:42.000
238                  T                    59                   9.6                    DCDBDDACBB 1                    2003-05-27 09:53:42.000 1                    2003-05-27 09:53:42.000
239                  C                    60                   9.9                    DABBBDCDCD 1                    2003-05-27 09:53:42.000 1                    2003-05-27 09:53:42.000
240                  D                    60                   9.9                    ACDBBCDBCB 1                    2003-05-27 09:53:42.000 1                    2003-05-27 09:53:42.000
241                  S                    60                   9.9                    ACBACDCABA 1                    2003-05-27 09:53:42.000 1                    2003-05-27 09:53:42.000
242                  T                    60                   9.9                    CBADAACBCD 1                    2003-05-27 09:53:42.000 1                    2003-05-27 09:53:42.000
243                  C                    61                   10                     ABCBCCACBD 1                    2003-05-27 09:53:42.000 1                    2003-05-27 09:53:42.000
244                  D                    61                   10                     BCDBADADCB 1                    2003-05-27 09:53:42.000 1                    2003-05-27 09:53:42.000
245                  S                    61                   10                     ACACDABCDB 1                    2003-05-27 09:53:42.000 1                    2003-05-27 09:53:42.000
246                  T                    61                   10                     ADCDBDCBAB 1                    2003-05-27 09:53:43.000 1                    2003-05-27 09:53:43.000
247                  C                    62                   10.2                   CADBBBACDB 1                    2003-05-27 09:53:43.000 1                    2003-05-27 09:53:43.000
248                  D                    62                   10.2                   DBACBDCCDC 1                    2003-05-27 09:53:43.000 1                    2003-05-27 09:53:43.000
249                  S                    62                   10.2                   BDCACDACBD 1                    2003-05-27 09:53:43.000 1                    2003-05-27 09:53:43.000
250                  T                    62                   10.2                   AADBBACDBC 1                    2003-05-27 09:53:43.000 1                    2003-05-27 09:53:43.000
251                  C                    63                   10.5                   CBCACBDBAC 1                    2003-05-27 09:53:43.000 1                    2003-05-27 09:53:43.000
252                  D                    63                   10.5                   CDACBDBDBD 1                    2003-05-27 09:53:43.000 1                    2003-05-27 09:53:43.000
253                  S                    63                   10.5                   DBCDBDABCA 1                    2003-05-27 09:53:43.000 1                    2003-05-27 09:53:43.000
254                  T                    63                   10.5                   CADBBACDBA 1                    2003-05-27 09:53:43.000 1                    2003-05-27 09:53:43.000
255                  C                    64                   10.6                   BBCDACACCA 1                    2003-05-27 09:53:43.000 1                    2003-05-27 09:53:43.000
256                  D                    64                   10.6                   BCCDACDBCD 1                    2003-05-27 09:53:43.000 1                    2003-05-27 09:53:43.000
257                  S                    64                   10.6                   DCBADDBAAB 1                    2003-05-27 09:53:43.000 1                    2003-05-27 09:53:43.000
258                  T                    64                   10.6                   CABBABCDBC 1                    2003-05-27 09:53:43.000 1                    2003-05-27 09:53:43.000
259                  C                    65                   10.8                   ACADCCBADA 1                    2003-05-27 09:53:43.000 1                    2003-05-27 09:53:43.000
260                  D                    65                   10.8                   CBABADBADC 1                    2003-05-27 09:53:43.000 1                    2003-05-27 09:53:43.000
261                  S                    65                   10.8                   CBDADCBCBD 1                    2003-05-27 09:53:43.000 1                    2003-05-27 09:53:43.000
262                  T                    65                   10.8                   ACBCDBDDDA 1                    2003-05-27 09:53:43.000 1                    2003-05-27 09:53:43.000
263                  C                    66                   10.9                   ACCBCDCAAB 1                    2003-05-27 09:53:43.000 1                    2003-05-27 09:53:43.000
264                  D                    66                   10.9                   CCDABBCCDB 1                    2003-05-27 09:53:43.000 1                    2003-05-27 09:53:43.000
265                  S                    66                   10.9                   DBCACBBCCB 1                    2003-05-27 09:53:43.000 1                    2003-05-27 09:53:43.000
266                  T                    66                   10.9                   DADCBBDCBD 1                    2003-05-27 09:53:43.000 1                    2003-05-27 09:53:43.000
267                  C                    67                   11                     ADABACBBBD 1                    2003-05-27 09:53:43.000 1                    2003-05-27 09:53:43.000
268                  D                    67                   11                     ABDADBDACD 1                    2003-05-27 09:53:43.000 1                    2003-05-27 09:53:43.000
269                  S                    67                   11                     DCABBADDDC 1                    2003-05-27 09:53:43.000 1                    2003-05-27 09:53:43.000
270                  T                    67                   11                     ABDBBACADC 1                    2003-05-27 09:53:43.000 1                    2003-05-27 09:53:43.000
271                  C                    68                   11.2                   BDBDCCAADD 1                    2003-05-27 09:53:43.000 1                    2003-05-27 09:53:43.000
272                  D                    68                   11.2                   DCDACCDCBD 1                    2003-05-27 09:53:43.000 1                    2003-05-27 09:53:43.000
273                  S                    68                   11.2                   ADACADDBCB 1                    2003-05-27 09:53:43.000 1                    2003-05-27 09:53:43.000
274                  T                    68                   11.2                   DADBDCBCAA 1                    2003-05-27 09:53:43.000 1                    2003-05-27 09:53:43.000
275                  C                    69                   11.2                   CDDCACBCAC 1                    2003-05-27 09:53:43.000 1                    2003-05-27 09:53:43.000
276                  D                    69                   11.2                   BDBDBABCBD 1                    2003-05-27 09:53:43.000 1                    2003-05-27 09:53:43.000
277                  S                    69                   11.2                   ABBCACCDCA 1                    2003-05-27 09:53:43.000 1                    2003-05-27 09:53:43.000
278                  T                    69                   11.2                   BBCDACADBB 1                    2003-05-27 09:53:43.000 1                    2003-05-27 09:53:43.000
279                  C                    70                   11.4                   ACBCBDADAD 1                    2003-05-27 09:53:43.000 1                    2003-05-27 09:53:43.000
280                  D                    70                   11.4                   ACABDDCBDB 1                    2003-05-27 09:53:43.000 1                    2003-05-27 09:53:43.000
281                  S                    70                   11.4                   CADADCDDBC 1                    2003-05-27 09:53:43.000 1                    2003-05-27 09:53:43.000
282                  T                    70                   11.4                   BBADCBDCDA 1                    2003-05-27 09:53:43.000 1                    2003-05-27 09:53:43.000
283                  T                    32                   6.1                    BBCACBADBD 1                    2003-05-27 09:53:43.000 1                    2003-05-27 09:53:43.000
284                  C                    71                   11.5                   CBAACBBDCB 1                    2003-05-27 09:53:43.000 1                    2003-05-27 09:53:43.000
285                  D                    71                   11.5                   DDABBACBAD 1                    2003-05-27 09:53:44.000 1                    2003-05-27 09:53:44.000
286                  S                    71                   11.5                   ACABCDCBBB 1                    2003-05-27 09:53:44.000 1                    2003-05-27 09:53:44.000
287                  T                    71                   11.5                   ABAADCADBD 1                    2003-05-27 09:53:44.000 1                    2003-05-27 09:53:44.000
288                  C                    72                   11.6                   CDADCAABCA 1                    2003-05-27 09:53:44.000 1                    2003-05-27 09:53:44.000
289                  D                    72                   11.6                   AABCCDABDB 1                    2003-05-27 09:53:44.000 1                    2003-05-27 09:53:44.000
290                  S                    72                   11.6                   CDACCBCDCB 1                    2003-05-27 09:53:44.000 1                    2003-05-27 09:53:44.000
291                  T                    72                   11.6                   BABCDDCBBC 1                    2003-05-27 09:53:44.000 1                    2003-05-27 09:53:44.000
292                  C                    73                   11.7                   BABCDCBDAA 1                    2003-05-27 09:53:44.000 1                    2003-05-27 09:53:44.000
293                  D                    73                   11.7                   CADBCCDABD 1                    2003-05-27 09:53:44.000 1                    2003-05-27 09:53:44.000
294                  S                    73                   11.7                   CDCDCBCDAD 1                    2003-05-27 09:53:44.000 1                    2003-05-27 09:53:44.000
295                  T                    73                   11.7                   AADDBBCDAC 1                    2003-05-27 09:53:44.000 1                    2003-05-27 09:53:44.000
296                  C                    74                   11.8                   DCADBACDAC 1                    2003-05-27 09:53:44.000 1                    2003-05-27 09:53:44.000
297                  D                    74                   11.8                   BABDBCDDAB 1                    2003-05-27 09:53:44.000 1                    2003-05-27 09:53:44.000
298                  S                    74                   11.8                   DCCBDBABBD 1                    2003-05-27 09:53:44.000 1                    2003-05-27 09:53:44.000
299                  T                    74                   11.8                   AAADDCBDCB 1                    2003-05-27 09:53:44.000 1                    2003-05-27 09:53:44.000
300                  C                    75                   11.9                   DADBBACCDB 1                    2003-05-27 09:53:44.000 1                    2003-05-27 09:53:44.000
301                  D                    75                   11.9                   BADBAACDCA 1                    2003-05-27 09:53:44.000 1                    2003-05-27 09:53:44.000
302                  S                    75                   11.9                   CACDDDDBAC 1                    2003-05-27 09:53:44.000 1                    2003-05-27 09:53:44.000
303                  T                    75                   11.9                   BDABDBBDCA 1                    2003-05-27 09:53:44.000 1                    2003-05-27 09:53:44.000
304                  C                    76                   12                     ABABDADCCB 1                    2003-05-27 09:53:44.000 1                    2003-05-27 09:53:44.000
305                  D                    76                   12                     CCADCCCBBA 1                    2003-05-27 09:53:44.000 1                    2003-05-27 09:53:44.000
306                  S                    76                   12                     BBBAABADAC 1                    2003-05-27 09:53:44.000 1                    2003-05-27 09:53:44.000
307                  T                    76                   12                     BCCDCBBDAD 1                    2003-05-27 09:53:44.000 1                    2003-05-27 09:53:44.000
308                  C                    77                   12                     DBDBACDDBC 1                    2003-05-27 09:53:44.000 1                    2003-05-27 09:53:44.000
309                  D                    77                   12                     BBAACABCAC 1                    2003-05-27 09:53:44.000 1                    2003-05-27 09:53:44.000
310                  S                    77                   12                     ACCACACABB 1                    2003-05-27 09:53:44.000 1                    2003-05-27 09:53:44.000
311                  T                    77                   12                     CDCDABACCD 1                    2003-05-27 09:53:44.000 1                    2003-05-27 09:53:44.000
312                  C                    78                   12.2                   BCABCDCCAD 1                    2003-05-27 09:53:44.000 1                    2003-05-27 09:53:44.000
313                  D                    78                   12.2                   CBCCBCCCDC 1                    2003-05-27 09:53:44.000 1                    2003-05-27 09:53:44.000
314                  S                    78                   12.2                   ABCCBBACDA 1                    2003-05-27 09:53:44.000 1                    2003-05-27 09:53:44.000
315                  T                    78                   12.2                   DCAACAACAD 1                    2003-05-27 09:53:44.000 1                    2003-05-27 09:53:44.000
316                  C                    79                   12.3                   ACACADBBDD 1                    2003-05-27 09:53:44.000 1                    2003-05-27 09:53:44.000
317                  D                    79                   12.3                   DAADCABDAA 1                    2003-05-27 09:53:44.000 1                    2003-05-27 09:53:44.000
318                  S                    79                   12.3                   DBACAACBCC 1                    2003-05-27 09:53:44.000 1                    2003-05-27 09:53:44.000
319                  T                    79                   12.3                   ABAABDDCCC 1                    2003-05-27 09:53:44.000 1                    2003-05-27 09:53:44.000
320                  C                    80                   12.4                   AAABDBCBDD 1                    2003-05-27 09:53:44.000 1                    2003-05-27 09:53:44.000
321                  D                    80                   12.4                   ABACDCCCAA 1                    2003-05-27 09:53:44.000 1                    2003-05-27 09:53:44.000
322                  S                    80                   12.4                   ACDBDADDCD 1                    2003-05-27 09:53:44.000 1                    2003-05-27 09:53:44.000
323                  T                    80                   12.4                   ABCABDDBBC 1                    2003-05-27 09:53:44.000 1                    2003-05-27 09:53:44.000
324                  C                    81                   12.5                   DDDCCBACDA 1                    2003-05-27 09:53:45.000 1                    2003-05-27 09:53:45.000
325                  D                    81                   12.5                   DBACDACCCD 1                    2003-05-27 09:53:45.000 1                    2003-05-27 09:53:45.000
326                  S                    81                   12.5                   CCDCBCBDDB 1                    2003-05-27 09:53:45.000 1                    2003-05-27 09:53:45.000
327                  T                    81                   12.5                   DCBBBDACDB 1                    2003-05-27 09:53:45.000 1                    2003-05-27 09:53:45.000
328                  C                    82                   12.6                   AADDBDAACD 1                    2003-05-27 09:53:45.000 1                    2003-05-27 09:53:45.000
329                  D                    82                   12.6                   ABABDCABAC 1                    2003-05-27 09:53:45.000 1                    2003-05-27 09:53:45.000
330                  S                    82                   12.6                   CDDACABCBC 1                    2003-05-27 09:53:45.000 1                    2003-05-27 09:53:45.000
331                  T                    82                   12.6                   DCBBCABADC 1                    2003-05-27 09:53:45.000 1                    2003-05-27 09:53:45.000
332                  C                    83                   12.7                   DABCCCACBC 1                    2003-05-27 09:53:45.000 1                    2003-05-27 09:53:45.000
333                  D                    83                   12.7                   ACACBDABAA 1                    2003-05-27 09:53:45.000 1                    2003-05-27 09:53:45.000
334                  S                    83                   12.7                   BBDBCBAACB 1                    2003-05-27 09:53:45.000 1                    2003-05-27 09:53:45.000
335                  T                    83                   12.7                   BADCACCBCC 1                    2003-05-27 09:53:45.000 1                    2003-05-27 09:53:45.000
336                  C                    84                   12.8                   ACADACDBAB 1                    2003-05-27 09:53:45.000 1                    2003-05-27 09:53:45.000
337                  D                    84                   12.8                   DBACAADCBB 1                    2003-05-27 09:53:45.000 1                    2003-05-27 09:53:45.000
338                  S                    84                   12.8                   CBCABABABD 1                    2003-05-27 09:53:45.000 1                    2003-05-27 09:53:45.000
339                  T                    84                   12.8                   ACCBDDADCD 1                    2003-05-27 09:53:45.000 1                    2003-05-27 09:53:45.000
340                  C                    85                   12.9                   CDCBCBCBDB 1                    2003-05-27 09:53:45.000 1                    2003-05-27 09:53:45.000
341                  D                    85                   12.9                   BDACCCDBDC 1                    2003-05-27 09:53:45.000 1                    2003-05-27 09:53:45.000
342                  S                    85                   12.9                   ABCDDDCABA 1                    2003-05-27 09:53:45.000 1                    2003-05-27 09:53:45.000
343                  T                    85                   12.9                   BDCDCABDBC 1                    2003-05-27 09:53:45.000 1                    2003-05-27 09:53:45.000
344                  C                    86                   13                     AACCADABBD 1                    2003-05-27 09:53:45.000 1                    2003-05-27 09:53:45.000
345                  D                    86                   13                     BDADDBCBDB 1                    2003-05-27 09:53:45.000 1                    2003-05-27 09:53:45.000
346                  S                    86                   13                     ACCDACDBDC 1                    2003-05-27 09:53:45.000 1                    2003-05-27 09:53:45.000
347                  T                    86                   13                     BCBDBDBDAC 1                    2003-05-27 09:53:45.000 1                    2003-05-27 09:53:45.000
348                  C                    87                   13.1                   BBCACCBCBC 1                    2003-05-27 09:53:45.000 1                    2003-05-27 09:53:45.000
349                  D                    87                   13.1                   AADBBDBBBB 1                    2003-05-27 09:53:45.000 1                    2003-05-27 09:53:45.000
350                  S                    87                   13.1                   CADAABABBD 1                    2003-05-27 09:53:45.000 1                    2003-05-27 09:53:45.000
351                  T                    87                   13.1                   DADBDDCDDA 1                    2003-05-27 09:53:45.000 1                    2003-05-27 09:53:45.000
352                  C                    88                   13.2                   CADACAABCA 1                    2003-05-27 09:53:45.000 1                    2003-05-27 09:53:45.000
353                  D                    88                   13.2                   CBDCABACDC 1                    2003-05-27 09:53:45.000 1                    2003-05-27 09:53:45.000
354                  S                    88                   13.2                   DCDBCBDBCB 1                    2003-05-27 09:53:45.000 1                    2003-05-27 09:53:45.000
355                  T                    88                   13.2                   ADBDACDCBC 1                    2003-05-27 09:53:45.000 1                    2003-05-27 09:53:45.000
356                  C                    89                   13.3                   BBBCABDCBD 1                    2003-05-27 09:53:45.000 1                    2003-05-27 09:53:45.000
357                  D                    89                   13.3                   CDACDDADAC 1                    2003-05-27 09:53:45.000 1                    2003-05-27 09:53:45.000
358                  S                    89                   13.3                   DDAAACCBCB 1                    2003-05-27 09:53:45.000 1                    2003-05-27 09:53:45.000
359                  T                    89                   13.3                   ABCCDCBCBB 1                    2003-05-27 09:53:45.000 1                    2003-05-27 09:53:45.000
360                  C                    90                   14                     ADABAADACB 1                    2003-05-27 09:53:45.000 1                    2003-05-27 09:53:45.000
361                  D                    90                   14                     CDCBBDAABA 1                    2003-05-27 09:53:45.000 1                    2003-05-27 09:53:45.000
362                  S                    90                   14                     CADBDBDBBC 1                    2003-05-27 09:53:45.000 1                    2003-05-27 09:53:45.000
363                  T                    90                   14                     DCDCABACCB 1                    2003-05-27 09:53:46.000 1                    2003-05-27 09:53:46.000
364                  C                    91                   14                     CDCCCDBBCC 1                    2003-05-27 09:53:46.000 1                    2003-05-27 09:53:46.000
365                  D                    91                   14                     DDDDCAADDB 1                    2003-05-27 09:53:46.000 1                    2003-05-27 09:53:46.000
366                  S                    91                   14                     CCAABACBBD 1                    2003-05-27 09:53:46.000 1                    2003-05-27 09:53:46.000
367                  T                    91                   14                     CBACABDCBB 1                    2003-05-27 09:53:46.000 1                    2003-05-27 09:53:46.000
368                  C                    92                   14                     ACABCDBDCB 1                    2003-05-27 09:53:46.000 1                    2003-05-27 09:53:46.000
369                  S                    92                   14                     ACCACAABDB 1                    2003-05-27 09:53:46.000 1                    2003-05-27 09:53:46.000
370                  T                    92                   14                     DCABACDADA 1                    2003-05-27 09:53:46.000 1                    2003-05-27 09:53:46.000
371                  C                    93                   14                     CADCDCBDAB 1                    2003-05-27 09:53:46.000 1                    2003-05-27 09:53:46.000
372                  D                    93                   14                     CCDBACBAAC 1                    2003-05-27 09:53:46.000 1                    2003-05-27 09:53:46.000
373                  S                    93                   14                     BCBDBBABAD 1                    2003-05-27 09:53:46.000 1                    2003-05-27 09:53:46.000
374                  T                    93                   14                     CCDBDACDCD 1                    2003-05-27 09:53:46.000 1                    2003-05-27 09:53:46.000
375                  C                    94                   14                     CBDCABCDAB 1                    2003-05-27 09:53:46.000 1                    2003-05-27 09:53:46.000
376                  D                    94                   14                     DCADBAACBC 1                    2003-05-27 09:53:46.000 1                    2003-05-27 09:53:46.000
377                  S                    94                   14                     ADCDBBDCCD 1                    2003-05-27 09:53:46.000 1                    2003-05-27 09:53:46.000
378                  T                    94                   14                     DCADDCBACD 1                    2003-05-27 09:53:46.000 1                    2003-05-27 09:53:46.000
379                  C                    95                   14                     DABBDAACBB 1                    2003-05-27 09:53:46.000 1                    2003-05-27 09:53:46.000
380                  D                    95                   14                     ABDBCDBBAC 1                    2003-05-27 09:53:46.000 1                    2003-05-27 09:53:46.000
381                  S                    95                   14                     CDDACDDCAC 1                    2003-05-27 09:53:46.000 1                    2003-05-27 09:53:46.000
382                  T                    95                   14                     BBBADDAACA 1                    2003-05-27 09:53:46.000 1                    2003-05-27 09:53:46.000
383                  C                    96                   14                     DBBBDBBBBC 1                    2003-05-27 09:53:46.000 1                    2003-05-27 09:53:46.000
384                  D                    96                   14                     DBBDBDCBBB 1                    2003-05-27 09:53:46.000 1                    2003-05-27 09:53:46.000
385                  S                    96                   14                     BBCCABDABC 1                    2003-05-27 09:53:46.000 1                    2003-05-27 09:53:46.000
386                  T                    96                   14                     BDBBAAADBC 1                    2003-05-27 09:53:46.000 1                    2003-05-27 09:53:46.000
387                  C                    97                   14                     ADBDABBCAB 1                    2003-05-27 09:53:46.000 1                    2003-05-27 09:53:46.000
388                  D                    97                   14                     DADCDBBCDC 1                    2003-05-27 09:53:46.000 1                    2003-05-27 09:53:46.000
389                  S                    97                   14                     ACCBCDCADC 1                    2003-05-27 09:53:46.000 1                    2003-05-27 09:53:46.000
390                  T                    97                   14                     ABCBBDBCCA 1                    2003-05-27 09:53:46.000 1                    2003-05-27 09:53:46.000
391                  C                    98                   14                     ACBBBDBBBC 1                    2003-05-27 09:53:46.000 1                    2003-05-27 09:53:46.000
392                  D                    98                   14                     CDAABBDAAC 1                    2003-05-27 09:53:46.000 1                    2003-05-27 09:53:46.000
393                  S                    98                   14                     BCBCCDABCC 1                    2003-05-27 09:53:46.000 1                    2003-05-27 09:53:46.000
394                  T                    98                   14                     ACAACDBCDC 1                    2003-05-27 09:53:46.000 1                    2003-05-27 09:53:46.000
395                  C                    99                   14                     AACABABCBD 1                    2003-05-27 09:53:46.000 1                    2003-05-27 09:53:46.000
396                  D                    99                   14                     DAAABCDBDC 1                    2003-05-27 09:53:46.000 1                    2003-05-27 09:53:46.000
397                  S                    99                   14                     CCABCCDDCD 1                    2003-05-27 09:53:46.000 1                    2003-05-27 09:53:46.000
398                  T                    99                   14                     BBBBCBAACD 1                    2003-05-27 09:53:46.000 1                    2003-05-27 09:53:46.000
399                  C                    100                  14                     BACBCDABBC 1                    2003-05-27 09:53:46.000 1                    2003-05-27 09:53:46.000
400                  D                    100                  14                     CDAAACDCAB 1                    2003-05-27 09:53:46.000 1                    2003-05-27 09:53:46.000
401                  S                    100                  14                     ADABDDCACB 1                    2003-05-27 09:53:46.000 1                    2003-05-27 09:53:46.000
402                  T                    100                  14                     BADCACBDAA 1                    2003-05-27 09:53:47.000 1                    2003-05-27 09:53:47.000
403                  D                    7                    4                      CCDACBDCDB 1                    2003-05-27 09:53:47.000 1                    2003-05-27 09:53:47.000
404                  S                    29                   5.9                    ADACBBDBCC 1                    2003-05-27 09:53:47.000 1                    2003-05-27 09:53:47.000
405                  D                    92                   14                     ADABBDDDAB 1                    2003-05-27 09:53:47.000 1                    2003-05-27 09:53:47.000

(400 row(s) affected)

